<?xml version="1.0" encoding="UTF-8"?>
<robot generator="Robot 6.1.1 (Python 3.7.4 on win32)" generated="20240712 17:22:44.007" rpa="false" schemaversion="4">
<suite id="s1" name="02 Login Page With Diff Cred" source="D:\swag_labs_ui\test_cases\02_login_page_with_diff_cred.robot">
<kw name="Launch Browser" library="setup_and_teardown" type="SETUP">
<doc>This method can be used to launch and maximize the browser</doc>
<kw name="Open Browser" library="SeleniumLibrary">
<arg>https://www.saucedemo.com/</arg>
<arg>chrome</arg>
<doc>Opens a new browser instance to the optional ``url``.</doc>
<msg timestamp="20240712 17:22:46.180" level="INFO">Opening browser 'chrome' to base url 'https://www.saucedemo.com/'.</msg>
<status status="PASS" starttime="20240712 17:22:46.180" endtime="20240712 17:23:00.418"/>
</kw>
<kw name="Maximize Browser Window" library="SeleniumLibrary">
<doc>Maximizes current browser window.</doc>
<status status="PASS" starttime="20240712 17:23:00.419" endtime="20240712 17:23:00.466"/>
</kw>
<status status="PASS" starttime="20240712 17:22:46.180" endtime="20240712 17:23:00.466"/>
</kw>
<test id="s1-t1" name="LoginTestWithExcel using" line="23">
<kw name="Check Login Function With Invalid Cred">
<arg>standard_user123</arg>
<arg>secret_sauce</arg>
<kw name="Set Selenium Speed" library="SeleniumLibrary">
<arg>0.5s</arg>
<doc>Sets the delay that is waited after each Selenium command.</doc>
<status status="PASS" starttime="20240712 17:23:00.471" endtime="20240712 17:23:00.471"/>
</kw>
<kw name="Enter Username" library="login_page">
<arg>${username}</arg>
<doc>This method can be used to enter user name in the text box</doc>
<kw name="Input Username" library="login_page_keywords">
<arg>id:user-name</arg>
<arg>standard_user123</arg>
<kw name="Input Text" library="SeleniumLibrary">
<arg>${locator}</arg>
<arg>${username}</arg>
<doc>Types the given ``text`` into the text field identified by ``locator``.</doc>
<msg timestamp="20240712 17:23:00.474" level="INFO">Typing text 'standard_user123' into text field 'id:user-name'.</msg>
<status status="PASS" starttime="20240712 17:23:00.472" endtime="20240712 17:23:02.239"/>
</kw>
<status status="PASS" starttime="20240712 17:23:00.471" endtime="20240712 17:23:02.239"/>
</kw>
<status status="PASS" starttime="20240712 17:23:00.471" endtime="20240712 17:23:02.239"/>
</kw>
<kw name="Enter Password" library="login_page">
<arg>${password}</arg>
<doc>This method can be used to enter password in the text box</doc>
<kw name="Input Password" library="login_page_keywords">
<arg>name:password</arg>
<arg>secret_sauce</arg>
<kw name="Input Text" library="SeleniumLibrary">
<arg>${locator}</arg>
<arg>${password}</arg>
<doc>Types the given ``text`` into the text field identified by ``locator``.</doc>
<msg timestamp="20240712 17:23:02.243" level="INFO">Typing text 'secret_sauce' into text field 'name:password'.</msg>
<status status="PASS" starttime="20240712 17:23:02.242" endtime="20240712 17:23:03.957"/>
</kw>
<status status="PASS" starttime="20240712 17:23:02.241" endtime="20240712 17:23:03.957"/>
</kw>
<status status="PASS" starttime="20240712 17:23:02.240" endtime="20240712 17:23:03.958"/>
</kw>
<kw name="Click On Login Button" library="login_page">
<doc>This method can be used to click on login button</doc>
<kw name="Click Login" library="login_page_keywords">
<arg>xpath://input[@id='login-button']</arg>
<kw name="Click Button" library="SeleniumLibrary">
<arg>${locator}</arg>
<doc>Clicks the button identified by ``locator``.</doc>
<msg timestamp="20240712 17:23:03.961" level="INFO">Clicking button 'xpath://input[@id='login-button']'.</msg>
<status status="PASS" starttime="20240712 17:23:03.960" endtime="20240712 17:23:05.641"/>
</kw>
<status status="PASS" starttime="20240712 17:23:03.959" endtime="20240712 17:23:05.641"/>
</kw>
<status status="PASS" starttime="20240712 17:23:03.958" endtime="20240712 17:23:05.642"/>
</kw>
<kw name="Validate Error Message" library="login_page">
<arg>${EXP_ERROR}</arg>
<doc>This method can be used to validate the error message</doc>
<kw name="Get Error Msg" library="login_page_keywords">
<arg>xpath://h3[@data-test='error']</arg>
<kw name="Get Text" library="SeleniumLibrary">
<var>${error_msg}</var>
<arg>${locator}</arg>
<doc>Returns the text value of the element identified by ``locator``.</doc>
<msg timestamp="20240712 17:23:06.719" level="INFO">${error_msg} = Epic sadface: Username and password do not match any user in this service</msg>
<status status="PASS" starttime="20240712 17:23:05.644" endtime="20240712 17:23:06.719"/>
</kw>
<return>
<value>${error_msg}</value>
<status status="PASS" starttime="20240712 17:23:06.719" endtime="20240712 17:23:06.720"/>
</return>
<status status="PASS" starttime="20240712 17:23:05.643" endtime="20240712 17:23:06.720"/>
</kw>
<status status="PASS" starttime="20240712 17:23:05.642" endtime="20240712 17:23:06.720"/>
</kw>
<status status="PASS" starttime="20240712 17:23:00.470" endtime="20240712 17:23:06.721"/>
</kw>
<status status="PASS" starttime="20240712 17:23:00.466" endtime="20240712 17:23:06.723"/>
</test>
<test id="s1-t2" name="LoginTestWithExcel using" line="23">
<kw name="Check Login Function With Invalid Cred">
<arg>standard_user</arg>
<arg>secret_sauce123</arg>
<kw name="Set Selenium Speed" library="SeleniumLibrary">
<arg>0.5s</arg>
<doc>Sets the delay that is waited after each Selenium command.</doc>
<status status="PASS" starttime="20240712 17:23:06.737" endtime="20240712 17:23:06.738"/>
</kw>
<kw name="Enter Username" library="login_page">
<arg>${username}</arg>
<doc>This method can be used to enter user name in the text box</doc>
<kw name="Input Username" library="login_page_keywords">
<arg>id:user-name</arg>
<arg>standard_user</arg>
<kw name="Input Text" library="SeleniumLibrary">
<arg>${locator}</arg>
<arg>${username}</arg>
<doc>Types the given ``text`` into the text field identified by ``locator``.</doc>
<msg timestamp="20240712 17:23:06.744" level="INFO">Typing text 'standard_user' into text field 'id:user-name'.</msg>
<status status="PASS" starttime="20240712 17:23:06.741" endtime="20240712 17:23:08.457"/>
</kw>
<status status="PASS" starttime="20240712 17:23:06.739" endtime="20240712 17:23:08.457"/>
</kw>
<status status="PASS" starttime="20240712 17:23:06.738" endtime="20240712 17:23:08.457"/>
</kw>
<kw name="Enter Password" library="login_page">
<arg>${password}</arg>
<doc>This method can be used to enter password in the text box</doc>
<kw name="Input Password" library="login_page_keywords">
<arg>name:password</arg>
<arg>secret_sauce123</arg>
<kw name="Input Text" library="SeleniumLibrary">
<arg>${locator}</arg>
<arg>${password}</arg>
<doc>Types the given ``text`` into the text field identified by ``locator``.</doc>
<msg timestamp="20240712 17:23:08.462" level="INFO">Typing text 'secret_sauce123' into text field 'name:password'.</msg>
<status status="PASS" starttime="20240712 17:23:08.460" endtime="20240712 17:23:10.162"/>
</kw>
<status status="PASS" starttime="20240712 17:23:08.459" endtime="20240712 17:23:10.162"/>
</kw>
<status status="PASS" starttime="20240712 17:23:08.458" endtime="20240712 17:23:10.162"/>
</kw>
<kw name="Click On Login Button" library="login_page">
<doc>This method can be used to click on login button</doc>
<kw name="Click Login" library="login_page_keywords">
<arg>xpath://input[@id='login-button']</arg>
<kw name="Click Button" library="SeleniumLibrary">
<arg>${locator}</arg>
<doc>Clicks the button identified by ``locator``.</doc>
<msg timestamp="20240712 17:23:10.164" level="INFO">Clicking button 'xpath://input[@id='login-button']'.</msg>
<status status="PASS" starttime="20240712 17:23:10.163" endtime="20240712 17:23:11.785"/>
</kw>
<status status="PASS" starttime="20240712 17:23:10.163" endtime="20240712 17:23:11.785"/>
</kw>
<status status="PASS" starttime="20240712 17:23:10.162" endtime="20240712 17:23:11.787"/>
</kw>
<kw name="Validate Error Message" library="login_page">
<arg>${EXP_ERROR}</arg>
<doc>This method can be used to validate the error message</doc>
<kw name="Get Error Msg" library="login_page_keywords">
<arg>xpath://h3[@data-test='error']</arg>
<kw name="Get Text" library="SeleniumLibrary">
<var>${error_msg}</var>
<arg>${locator}</arg>
<doc>Returns the text value of the element identified by ``locator``.</doc>
<msg timestamp="20240712 17:23:12.845" level="INFO">${error_msg} = Epic sadface: Username and password do not match any user in this service</msg>
<status status="PASS" starttime="20240712 17:23:11.790" endtime="20240712 17:23:12.845"/>
</kw>
<return>
<value>${error_msg}</value>
<status status="PASS" starttime="20240712 17:23:12.845" endtime="20240712 17:23:12.846"/>
</return>
<status status="PASS" starttime="20240712 17:23:11.789" endtime="20240712 17:23:12.846"/>
</kw>
<status status="PASS" starttime="20240712 17:23:11.787" endtime="20240712 17:23:12.846"/>
</kw>
<status status="PASS" starttime="20240712 17:23:06.736" endtime="20240712 17:23:12.846"/>
</kw>
<status status="PASS" starttime="20240712 17:23:06.730" endtime="20240712 17:23:12.848"/>
</test>
<test id="s1-t3" name="LoginTestWithExcel using" line="23">
<kw name="Check Login Function With Invalid Cred">
<arg>standard_user123</arg>
<arg>secret_sauce123</arg>
<kw name="Set Selenium Speed" library="SeleniumLibrary">
<arg>0.5s</arg>
<doc>Sets the delay that is waited after each Selenium command.</doc>
<status status="PASS" starttime="20240712 17:23:12.860" endtime="20240712 17:23:12.860"/>
</kw>
<kw name="Enter Username" library="login_page">
<arg>${username}</arg>
<doc>This method can be used to enter user name in the text box</doc>
<kw name="Input Username" library="login_page_keywords">
<arg>id:user-name</arg>
<arg>standard_user123</arg>
<kw name="Input Text" library="SeleniumLibrary">
<arg>${locator}</arg>
<arg>${username}</arg>
<doc>Types the given ``text`` into the text field identified by ``locator``.</doc>
<msg timestamp="20240712 17:23:12.864" level="INFO">Typing text 'standard_user123' into text field 'id:user-name'.</msg>
<status status="PASS" starttime="20240712 17:23:12.863" endtime="20240712 17:23:14.578"/>
</kw>
<status status="PASS" starttime="20240712 17:23:12.862" endtime="20240712 17:23:14.578"/>
</kw>
<status status="PASS" starttime="20240712 17:23:12.861" endtime="20240712 17:23:14.579"/>
</kw>
<kw name="Enter Password" library="login_page">
<arg>${password}</arg>
<doc>This method can be used to enter password in the text box</doc>
<kw name="Input Password" library="login_page_keywords">
<arg>name:password</arg>
<arg>secret_sauce123</arg>
<kw name="Input Text" library="SeleniumLibrary">
<arg>${locator}</arg>
<arg>${password}</arg>
<doc>Types the given ``text`` into the text field identified by ``locator``.</doc>
<msg timestamp="20240712 17:23:14.582" level="INFO">Typing text 'secret_sauce123' into text field 'name:password'.</msg>
<status status="PASS" starttime="20240712 17:23:14.581" endtime="20240712 17:23:16.279"/>
</kw>
<status status="PASS" starttime="20240712 17:23:14.580" endtime="20240712 17:23:16.279"/>
</kw>
<status status="PASS" starttime="20240712 17:23:14.579" endtime="20240712 17:23:16.280"/>
</kw>
<kw name="Click On Login Button" library="login_page">
<doc>This method can be used to click on login button</doc>
<kw name="Click Login" library="login_page_keywords">
<arg>xpath://input[@id='login-button']</arg>
<kw name="Click Button" library="SeleniumLibrary">
<arg>${locator}</arg>
<doc>Clicks the button identified by ``locator``.</doc>
<msg timestamp="20240712 17:23:16.283" level="INFO">Clicking button 'xpath://input[@id='login-button']'.</msg>
<status status="PASS" starttime="20240712 17:23:16.282" endtime="20240712 17:23:17.916"/>
</kw>
<status status="PASS" starttime="20240712 17:23:16.281" endtime="20240712 17:23:17.916"/>
</kw>
<status status="PASS" starttime="20240712 17:23:16.280" endtime="20240712 17:23:17.917"/>
</kw>
<kw name="Validate Error Message" library="login_page">
<arg>${EXP_ERROR}</arg>
<doc>This method can be used to validate the error message</doc>
<kw name="Get Error Msg" library="login_page_keywords">
<arg>xpath://h3[@data-test='error']</arg>
<kw name="Get Text" library="SeleniumLibrary">
<var>${error_msg}</var>
<arg>${locator}</arg>
<doc>Returns the text value of the element identified by ``locator``.</doc>
<msg timestamp="20240712 17:23:18.977" level="INFO">${error_msg} = Epic sadface: Username and password do not match any user in this service</msg>
<status status="PASS" starttime="20240712 17:23:17.919" endtime="20240712 17:23:18.977"/>
</kw>
<return>
<value>${error_msg}</value>
<status status="PASS" starttime="20240712 17:23:18.978" endtime="20240712 17:23:18.978"/>
</return>
<status status="PASS" starttime="20240712 17:23:17.918" endtime="20240712 17:23:18.978"/>
</kw>
<status status="PASS" starttime="20240712 17:23:17.917" endtime="20240712 17:23:18.978"/>
</kw>
<status status="PASS" starttime="20240712 17:23:12.859" endtime="20240712 17:23:18.979"/>
</kw>
<status status="PASS" starttime="20240712 17:23:12.854" endtime="20240712 17:23:18.979"/>
</test>
<kw name="Close Browser Window" library="setup_and_teardown" type="TEARDOWN">
<doc>This method can be used to close the  browser</doc>
<kw name="Close Browser" library="SeleniumLibrary">
<doc>Closes the current browser.</doc>
<status status="PASS" starttime="20240712 17:23:18.985" endtime="20240712 17:23:21.728"/>
</kw>
<status status="PASS" starttime="20240712 17:23:18.984" endtime="20240712 17:23:21.728"/>
</kw>
<status status="PASS" starttime="20240712 17:22:44.010" endtime="20240712 17:23:21.728"/>
</suite>
<statistics>
<total>
<stat pass="3" fail="0" skip="0">All Tests</stat>
</total>
<tag>
</tag>
<suite>
<stat pass="3" fail="0" skip="0" id="s1" name="02 Login Page With Diff Cred">02 Login Page With Diff Cred</stat>
</suite>
</statistics>
<errors>
<msg timestamp="20240712 17:23:06.728" level="WARN">Multiple tests with name 'LoginTestWithExcel using' executed in suite '02 Login Page With Diff Cred'.</msg>
<msg timestamp="20240712 17:23:12.852" level="WARN">Multiple tests with name 'LoginTestWithExcel using' executed in suite '02 Login Page With Diff Cred'.</msg>
</errors>
</robot>
